********************************************************************************
DUPLICATOR-LITE PACKAGE-LOG: March 19, 2018 1:54 am
NOTICE: Do NOT post to public sites or forums 
********************************************************************************
VERSION:	1.2.34
WORDPRESS:	4.9.4
PHP INFO:	5.5.24 | SAPI: apache2handler
SERVER:		Apache/2.4.12 (Win32) OpenSSL/1.0.1l PHP/5.5.24 
PHP TIME LIMIT: (0) no time limit imposed 
PHP MAX MEMORY: 2048M (512M default) 
MEMORY STACK: 20MB 

********************************************************************************
DATABASE:
********************************************************************************
BUILD MODE:   MYSQLDUMP
MYSQLTIMEOUT: 5000
MYSQLDUMP:    Is Supported 
FILTERED: [] 
RESPONSE: Ran from C:/xampplite/mysql/bin/mysqldump.exe 
TABLES: total:13 | filtered:0 | create:13 
SQL CREATED: 20180319_acrccf_4ccea2bf3d03f1578570180319015430_database.sql 
SQL FILE SIZE: 482.92KB (494509) 
SQL FILE TIME: 2018-03-19 01:55:00 
SQL RUNTIME: 0.63 sec. 

******************************************************************************** 
ARCHIVE (ZIP): 
******************************************************************************** 
ARCHIVE DIR:  C:/Users/asynal/Documents/Websites/acrc.cf/www.acrc.cf.dev.cc 
ARCHIVE FILE: 20180319_acrccf_4ccea2bf3d03f1578570180319015430_archive.zip 
FILTERS: *OFF* 
DIRS:
	not set 
FILES:
	not set 
EXTS:  not set 
---------------------------------------- 
COMPRESSING 
SIZE:	37.5MB 
STATS:	Dirs 452 | Files 3,301 
SQL ADDED: 20180319_acrccf_4ccea2bf3d03f1578570180319015430_database.sql 
ZipArchive Object
(
    [status] => 0
    [statusSys] => 0
    [numFiles] => 3753
    [filename] => C:\Users\asynal\Documents\Websites\acrc.cf\www.acrc.cf.dev.cc\wp-snapshots\tmp\20180319_acrccf_4ccea2bf3d03f1578570180319015430_archive.zip
    [comment] => 
)
 
COMPRESSION RESULT: '1' 
COMPRESSED SIZE: 20.19MB 
ARCHIVE RUNTIME: 12.17 sec. 
MEMORY STACK: 21.25MB 

******************************************************************************** 
MAKE INSTALLER: 
******************************************************************************** 
Build Start 
Build Finished 
Preping for use 
PACK SIZE:  
Template parsed with new data 
Complete [C:/Users/asynal/Documents/Websites/acrc.cf/www.acrc.cf.dev.cc/wp-snapshots/tmp/20180319_acrccf_4ccea2bf3d03f1578570180319015430_installer.php] 
Added to archive 

******************************************************************************** 
INTEGRITY CHECKS: 
******************************************************************************** 
SQL File: 482.92KB 
Installer File: 445.27KB 
Archive File: 20.19MB  

********************************************************************************
RECORD ID:[1]
TOTAL PROCESS RUNTIME: 13.21 sec.
PEAK PHP MEMORY USED: 23.75MB
DONE PROCESSING => 20180319_acrccf March 19, 2018 1:55 am
 
